<?xml version="1.0" encoding="UTF-8"?>
<!-- Generated by org.testng.reporters.JUnitReportReporter -->
<testsuite hostname="JAGANSRINADHU" failures="1" tests="1" name="com.tests.PojoPostCall1" time="5.089" errors="0" timestamp="2023-12-01T00:16:04 IST" skipped="0">
  <testcase classname="com.tests.PojoPostCall1" name="getPostCall" time="5.089">
    <failure message="1 expectation failed.
Response body doesn&#039;t match expectation.
Expected: The content to match the given JSON schema.
error: object has missing required properties ([&quot;Id&quot;,&quot;Mobile&quot;])
    level: &quot;error&quot;
    schema: {&quot;loadingURI&quot;:&quot;#&quot;,&quot;pointer&quot;:&quot;&quot;}
    instance: {&quot;pointer&quot;:&quot;&quot;}
    domain: &quot;validation&quot;
    keyword: &quot;required&quot;
    required: [&quot;Id&quot;,&quot;Mobile&quot;,&quot;email&quot;,&quot;favfood&quot;,&quot;frst_name&quot;,&quot;last_name&quot;,&quot;marks&quot;,&quot;subjects&quot;]
    missing: [&quot;Id&quot;,&quot;Mobile&quot;]

  Actual: {
  &quot;id&quot;: 3999,
  &quot;frst_name&quot;: &quot;Deanne&quot;,
  &quot;last_name&quot;: &quot;Monahan&quot;,
  &quot;email&quot;: &quot;jagan234@gmail.com&quot;,
  &quot;mobile&quot;: &quot;1-457-864-7337&quot;,
  &quot;marks&quot;: [
    {
      &quot;telugu&quot;: 96,
      &quot;english&quot;: 69,
      &quot;maths&quot;: 99,
      &quot;science&quot;: 89,
      &quot;social&quot;: 78,
      &quot;hindi&quot;: 67,
      &quot;ed&quot;: 75,
      &quot;kom&quot;: 64,
      &quot;te&quot;: 68
    },
    {
      &quot;telugu&quot;: 69,
      &quot;english&quot;: 62,
      &quot;maths&quot;: 89,
      &quot;science&quot;: 79,
      &quot;social&quot;: 68,
      &quot;hindi&quot;: 67,
      &quot;ed&quot;: 75,
      &quot;kom&quot;: 64,
      &quot;te&quot;: 86
    }
  ],
  &quot;subjects&quot;: [
    &quot;S.O.M&quot;,
    &quot;fluid mechanics&quot;,
    &quot;engineering mechanics&quot;
  ],
  &quot;favfood&quot;: {
    &quot;breakfast&quot;: &quot;idly&quot;,
    &quot;lunch&quot;: &quot;rice&quot;,
    &quot;dinner&quot;: [
      &quot;chapathi&quot;,
      &quot;Kaddukakheer&quot;,
      &quot;curdrice&quot;
    ]
  }
}
" type="java.lang.AssertionError">
      <![CDATA[java.lang.AssertionError: 1 expectation failed.
Response body doesn't match expectation.
Expected: The content to match the given JSON schema.
error: object has missing required properties (["Id","Mobile"])
    level: "error"
    schema: {"loadingURI":"#","pointer":""}
    instance: {"pointer":""}
    domain: "validation"
    keyword: "required"
    required: ["Id","Mobile","email","favfood","frst_name","last_name","marks","subjects"]
    missing: ["Id","Mobile"]

  Actual: {
  "id": 3999,
  "frst_name": "Deanne",
  "last_name": "Monahan",
  "email": "jagan234@gmail.com",
  "mobile": "1-457-864-7337",
  "marks": [
    {
      "telugu": 96,
      "english": 69,
      "maths": 99,
      "science": 89,
      "social": 78,
      "hindi": 67,
      "ed": 75,
      "kom": 64,
      "te": 68
    },
    {
      "telugu": 69,
      "english": 62,
      "maths": 89,
      "science": 79,
      "social": 68,
      "hindi": 67,
      "ed": 75,
      "kom": 64,
      "te": 86
    }
  ],
  "subjects": [
    "S.O.M",
    "fluid mechanics",
    "engineering mechanics"
  ],
  "favfood": {
    "breakfast": "idly",
    "lunch": "rice",
    "dinner": [
      "chapathi",
      "Kaddukakheer",
      "curdrice"
    ]
  }
}

at java.base/jdk.internal.reflect.NativeConstructorAccessorImpl.newInstance0(Native Method)
at java.base/jdk.internal.reflect.NativeConstructorAccessorImpl.newInstance(NativeConstructorAccessorImpl.java:77)
at java.base/jdk.internal.reflect.DelegatingConstructorAccessorImpl.newInstance(DelegatingConstructorAccessorImpl.java:45)
at java.base/java.lang.reflect.Constructor.newInstanceWithCaller(Constructor.java:499)
at java.base/java.lang.reflect.Constructor.newInstance(Constructor.java:480)
at org.codehaus.groovy.reflection.CachedConstructor.invoke(CachedConstructor.java:73)
at org.codehaus.groovy.runtime.callsite.ConstructorSite$ConstructorSiteNoUnwrapNoCoerce.callConstructor(ConstructorSite.java:108)
at org.codehaus.groovy.runtime.callsite.CallSiteArray.defaultCallConstructor(CallSiteArray.java:57)
at org.codehaus.groovy.runtime.callsite.AbstractCallSite.callConstructor(AbstractCallSite.java:263)
at org.codehaus.groovy.runtime.callsite.AbstractCallSite.callConstructor(AbstractCallSite.java:277)
at io.restassured.internal.ResponseSpecificationImpl$HamcrestAssertionClosure.validate(ResponseSpecificationImpl.groovy:512)
at io.restassured.internal.ResponseSpecificationImpl$HamcrestAssertionClosure$validate$1.call(Unknown Source)
at org.codehaus.groovy.runtime.callsite.CallSiteArray.defaultCall(CallSiteArray.java:45)
at org.codehaus.groovy.runtime.callsite.AbstractCallSite.call(AbstractCallSite.java:125)
at org.codehaus.groovy.runtime.callsite.AbstractCallSite.call(AbstractCallSite.java:139)
at io.restassured.internal.ResponseSpecificationImpl.validateResponseIfRequired(ResponseSpecificationImpl.groovy:696)
at io.restassured.internal.ResponseSpecificationImpl.this$2$validateResponseIfRequired(ResponseSpecificationImpl.groovy)
at java.base/jdk.internal.reflect.NativeMethodAccessorImpl.invoke0(Native Method)
at java.base/jdk.internal.reflect.NativeMethodAccessorImpl.invoke(NativeMethodAccessorImpl.java:77)
at java.base/jdk.internal.reflect.DelegatingMethodAccessorImpl.invoke(DelegatingMethodAccessorImpl.java:43)
at java.base/java.lang.reflect.Method.invoke(Method.java:568)
at org.codehaus.groovy.runtime.callsite.PlainObjectMetaMethodSite.doInvoke(PlainObjectMetaMethodSite.java:43)
at org.codehaus.groovy.runtime.callsite.PogoMetaMethodSite$PogoCachedMethodSiteNoUnwrapNoCoerce.invoke(PogoMetaMethodSite.java:198)
at org.codehaus.groovy.runtime.callsite.PogoMetaMethodSite.callCurrent(PogoMetaMethodSite.java:62)
at org.codehaus.groovy.runtime.callsite.CallSiteArray.defaultCallCurrent(CallSiteArray.java:49)
at org.codehaus.groovy.runtime.callsite.AbstractCallSite.callCurrent(AbstractCallSite.java:171)
at org.codehaus.groovy.runtime.callsite.AbstractCallSite.callCurrent(AbstractCallSite.java:185)
at io.restassured.internal.ResponseSpecificationImpl.body(ResponseSpecificationImpl.groovy:107)
at io.restassured.internal.ValidatableResponseOptionsImpl.body(ValidatableResponseOptionsImpl.java:238)
at com.tests.PojoPostCall1.getPostCall(PojoPostCall1.java:78)
at java.base/jdk.internal.reflect.NativeMethodAccessorImpl.invoke0(Native Method)
at java.base/jdk.internal.reflect.NativeMethodAccessorImpl.invoke(NativeMethodAccessorImpl.java:77)
at java.base/jdk.internal.reflect.DelegatingMethodAccessorImpl.invoke(DelegatingMethodAccessorImpl.java:43)
at java.base/java.lang.reflect.Method.invoke(Method.java:568)
at org.testng.internal.invokers.MethodInvocationHelper.invokeMethod(MethodInvocationHelper.java:139)
at org.testng.internal.invokers.TestInvoker.invokeMethod(TestInvoker.java:664)
at org.testng.internal.invokers.TestInvoker.invokeTestMethod(TestInvoker.java:227)
at org.testng.internal.invokers.MethodRunner.runInSequence(MethodRunner.java:50)
at org.testng.internal.invokers.TestInvoker$MethodInvocationAgent.invoke(TestInvoker.java:957)
at org.testng.internal.invokers.TestInvoker.invokeTestMethods(TestInvoker.java:200)
at org.testng.internal.invokers.TestMethodWorker.invokeTestMethods(TestMethodWorker.java:148)
at org.testng.internal.invokers.TestMethodWorker.run(TestMethodWorker.java:128)
at java.base/java.util.ArrayList.forEach(ArrayList.java:1511)
at org.testng.TestRunner.privateRun(TestRunner.java:848)
at org.testng.TestRunner.run(TestRunner.java:621)
at org.testng.SuiteRunner.runTest(SuiteRunner.java:443)
at org.testng.SuiteRunner.runSequentially(SuiteRunner.java:437)
at org.testng.SuiteRunner.privateRun(SuiteRunner.java:397)
at org.testng.SuiteRunner.run(SuiteRunner.java:336)
at org.testng.SuiteRunnerWorker.runSuite(SuiteRunnerWorker.java:52)
at org.testng.SuiteRunnerWorker.run(SuiteRunnerWorker.java:95)
at org.testng.TestNG.runSuitesSequentially(TestNG.java:1280)
at org.testng.TestNG.runSuitesLocally(TestNG.java:1200)
at org.testng.TestNG.runSuites(TestNG.java:1114)
at org.testng.TestNG.run(TestNG.java:1082)
at org.testng.remote.AbstractRemoteTestNG.run(AbstractRemoteTestNG.java:115)
at org.testng.remote.RemoteTestNG.initAndRun(RemoteTestNG.java:251)
at org.testng.remote.RemoteTestNG.main(RemoteTestNG.java:77)
]]>
    </failure>
  </testcase> <!-- getPostCall -->
</testsuite> <!-- com.tests.PojoPostCall1 -->
